  AutoBattleC++.cpp
C:\Users\ricar\Desktop\kokkutest\AutoBattleC++\Character.h(30,18): error C2061: syntax error: identifier 'vector'
  BattleField.cpp
C:\Users\ricar\Desktop\kokkutest\AutoBattleC++\Character.h(30,18): error C2061: syntax error: identifier 'vector'
C:\Users\ricar\Desktop\kokkutest\AutoBattleC++\BattleField.cpp(17,51): warning C4267: 'initializing': conversion from 'size_t' to 'int', possible loss of data
C:\Users\ricar\Desktop\kokkutest\AutoBattleC++\BattleField.cpp(41,5): error C2450: a switch expression of type 'std::string' is not valid
C:\Users\ricar\Desktop\kokkutest\AutoBattleC++\BattleField.cpp(40,14): message : No user-defined-conversion operator available that can perform this conversion, or the operator cannot be called
C:\Users\ricar\Desktop\kokkutest\AutoBattleC++\BattleField.cpp(42,13): error C2440: 'type cast': cannot convert from 'const char [2]' to 'int'
C:\Users\ricar\Desktop\kokkutest\AutoBattleC++\BattleField.cpp(42,10): message : There is no context in which this conversion is possible
C:\Users\ricar\Desktop\kokkutest\AutoBattleC++\BattleField.cpp(42,5): error C2046: illegal case
C:\Users\ricar\Desktop\kokkutest\AutoBattleC++\BattleField.cpp(43,37): error C2664: 'void BattleField::CreatePlayerCharacter(int)': cannot convert argument 1 from 'std::string' to 'int'
C:\Users\ricar\Desktop\kokkutest\AutoBattleC++\BattleField.cpp(43,31): message : No user-defined-conversion operator available that can perform this conversion, or the operator cannot be called
C:\Users\ricar\Desktop\kokkutest\AutoBattleC++\BattleField.h(29,7): message : see declaration of 'BattleField::CreatePlayerCharacter'
C:\Users\ricar\Desktop\kokkutest\AutoBattleC++\BattleField.cpp(45,13): error C2440: 'type cast': cannot convert from 'const char [2]' to 'int'
C:\Users\ricar\Desktop\kokkutest\AutoBattleC++\BattleField.cpp(45,10): message : There is no context in which this conversion is possible
C:\Users\ricar\Desktop\kokkutest\AutoBattleC++\BattleField.cpp(45,5): error C2046: illegal case
C:\Users\ricar\Desktop\kokkutest\AutoBattleC++\BattleField.cpp(46,37): error C2664: 'void BattleField::CreatePlayerCharacter(int)': cannot convert argument 1 from 'std::string' to 'int'
C:\Users\ricar\Desktop\kokkutest\AutoBattleC++\BattleField.cpp(46,31): message : No user-defined-conversion operator available that can perform this conversion, or the operator cannot be called
C:\Users\ricar\Desktop\kokkutest\AutoBattleC++\BattleField.h(29,7): message : see declaration of 'BattleField::CreatePlayerCharacter'
C:\Users\ricar\Desktop\kokkutest\AutoBattleC++\BattleField.cpp(48,13): error C2440: 'type cast': cannot convert from 'const char [2]' to 'int'
C:\Users\ricar\Desktop\kokkutest\AutoBattleC++\BattleField.cpp(48,10): message : There is no context in which this conversion is possible
C:\Users\ricar\Desktop\kokkutest\AutoBattleC++\BattleField.cpp(48,5): error C2046: illegal case
C:\Users\ricar\Desktop\kokkutest\AutoBattleC++\BattleField.cpp(49,37): error C2664: 'void BattleField::CreatePlayerCharacter(int)': cannot convert argument 1 from 'std::string' to 'int'
C:\Users\ricar\Desktop\kokkutest\AutoBattleC++\BattleField.cpp(49,31): message : No user-defined-conversion operator available that can perform this conversion, or the operator cannot be called
C:\Users\ricar\Desktop\kokkutest\AutoBattleC++\BattleField.h(29,7): message : see declaration of 'BattleField::CreatePlayerCharacter'
C:\Users\ricar\Desktop\kokkutest\AutoBattleC++\BattleField.cpp(51,13): error C2440: 'type cast': cannot convert from 'const char [2]' to 'int'
C:\Users\ricar\Desktop\kokkutest\AutoBattleC++\BattleField.cpp(51,10): message : There is no context in which this conversion is possible
C:\Users\ricar\Desktop\kokkutest\AutoBattleC++\BattleField.cpp(51,5): error C2046: illegal case
C:\Users\ricar\Desktop\kokkutest\AutoBattleC++\BattleField.cpp(52,37): error C2664: 'void BattleField::CreatePlayerCharacter(int)': cannot convert argument 1 from 'std::string' to 'int'
C:\Users\ricar\Desktop\kokkutest\AutoBattleC++\BattleField.cpp(52,31): message : No user-defined-conversion operator available that can perform this conversion, or the operator cannot be called
C:\Users\ricar\Desktop\kokkutest\AutoBattleC++\BattleField.h(29,7): message : see declaration of 'BattleField::CreatePlayerCharacter'
C:\Users\ricar\Desktop\kokkutest\AutoBattleC++\BattleField.cpp(57,5): warning C4065: switch statement contains 'default' but no 'case' labels
C:\Users\ricar\Desktop\kokkutest\AutoBattleC++\BattleField.cpp(63,79): warning C4312: 'type cast': conversion from 'int' to 'Types::CharacterClass *' of greater size
C:\Users\ricar\Desktop\kokkutest\AutoBattleC++\BattleField.cpp(83,47): error C2440: '=': cannot convert from 'Character *' to 'std::shared_ptr<Character> *'
C:\Users\ricar\Desktop\kokkutest\AutoBattleC++\BattleField.cpp(83,35): message : Types pointed to are unrelated; conversion requires reinterpret_cast, C-style cast or function-style cast
C:\Users\ricar\Desktop\kokkutest\AutoBattleC++\BattleField.cpp(84,21): error C2039: 'Health': is not a member of 'std::shared_ptr<Character>'
C:\Users\ricar\Desktop\kokkutest\AutoBattleC++\BattleField.h(18): message : see declaration of 'std::shared_ptr<Character>'
C:\Users\ricar\Desktop\kokkutest\AutoBattleC++\BattleField.cpp(94,21): error C2039: 'target': is not a member of 'std::shared_ptr<Character>'
C:\Users\ricar\Desktop\kokkutest\AutoBattleC++\BattleField.h(18): message : see declaration of 'std::shared_ptr<Character>'
C:\Users\ricar\Desktop\kokkutest\AutoBattleC++\BattleField.cpp(95,45): error C2440: '=': cannot convert from 'std::shared_ptr<Character> *' to 'Character *'
C:\Users\ricar\Desktop\kokkutest\AutoBattleC++\BattleField.cpp(95,31): message : Types pointed to are unrelated; conversion requires reinterpret_cast, C-style cast or function-style cast
C:\Users\ricar\Desktop\kokkutest\AutoBattleC++\BattleField.cpp(96,42): error C2664: 'void std::list<Character,std::allocator<Character>>::push_back(_Ty &&)': cannot convert argument 1 from 'std::shared_ptr<Character>' to '_Ty &&'
          with
          [
              _Ty=Character
          ]
C:\Users\ricar\Desktop\kokkutest\AutoBattleC++\BattleField.cpp(96,42): message : Reason: cannot convert from 'std::shared_ptr<Character>' to '_Ty'
          with
          [
              _Ty=Character
          ]
C:\Users\ricar\Desktop\kokkutest\AutoBattleC++\BattleField.cpp(96,27): message : No user-defined-conversion operator available that can perform this conversion, or the operator cannot be called
C:\Program Files (x86)\Microsoft Visual Studio\2019\Community\VC\Tools\MSVC\14.29.30133\include\list(972,10): message : see declaration of 'std::list<Character,std::allocator<Character>>::push_back'
C:\Users\ricar\Desktop\kokkutest\AutoBattleC++\BattleField.cpp(97,41): error C2664: 'void std::list<Character,std::allocator<Character>>::push_back(_Ty &&)': cannot convert argument 1 from 'std::shared_ptr<Character> *' to '_Ty &&'
          with
          [
              _Ty=Character
          ]
C:\Users\ricar\Desktop\kokkutest\AutoBattleC++\BattleField.cpp(97,41): message : Reason: cannot convert from 'std::shared_ptr<Character> *' to '_Ty'
          with
          [
              _Ty=Character
          ]
C:\Users\ricar\Desktop\kokkutest\AutoBattleC++\BattleField.cpp(97,41): message : No constructor could take the source type, or constructor overload resolution was ambiguous
C:\Program Files (x86)\Microsoft Visual Studio\2019\Community\VC\Tools\MSVC\14.29.30133\include\list(972,10): message : see declaration of 'std::list<Character,std::allocator<Character>>::push_back'
C:\Users\ricar\Desktop\kokkutest\AutoBattleC++\BattleField.cpp(125,30): error C2039: 'Health': is not a member of 'std::shared_ptr<Character>'
C:\Users\ricar\Desktop\kokkutest\AutoBattleC++\BattleField.h(18): message : see declaration of 'std::shared_ptr<Character>'
C:\Users\ricar\Desktop\kokkutest\AutoBattleC++\BattleField.cpp(193,25): error C2039: 'currentBox': is not a member of 'std::shared_ptr<Character>'
C:\Users\ricar\Desktop\kokkutest\AutoBattleC++\BattleField.h(18): message : see declaration of 'std::shared_ptr<Character>'
  Character.cpp
C:\Users\ricar\Desktop\kokkutest\AutoBattleC++\Character.h(30,18): error C2061: syntax error: identifier 'vector'
C:\Users\ricar\Desktop\kokkutest\AutoBattleC++\Character.cpp(10,1): error C2512: 'Types::GridBox': no appropriate default constructor available
C:\Users\ricar\Desktop\kokkutest\AutoBattleC++\Types.h(6,12): message : see declaration of 'Types::GridBox'
  Grid.cpp
C:\Users\ricar\Desktop\kokkutest\AutoBattleC++\Grid.cpp(16,45): error C2664: 'std::_Vector_iterator<std::_Vector_val<std::_Simple_types<_Ty>>> std::vector<_Ty,std::allocator<_Ty>>::insert(std::_Vector_const_iterator<std::_Vector_val<std::_Simple_types<_Ty>>>,const _Ty &)': cannot convert argument 2 from 'Types::GridBox *' to 'const _Ty &'
          with
          [
              _Ty=Types::GridBox
          ]
C:\Users\ricar\Desktop\kokkutest\AutoBattleC++\Grid.cpp(16,45): message : Reason: cannot convert from 'Types::GridBox *' to 'const _Ty'
          with
          [
              _Ty=Types::GridBox
          ]
C:\Users\ricar\Desktop\kokkutest\AutoBattleC++\Grid.cpp(16,45): message : No constructor could take the source type, or constructor overload resolution was ambiguous
C:\Program Files (x86)\Microsoft Visual Studio\2019\Community\VC\Tools\MSVC\14.29.30133\include\Vector(841,37): message : see declaration of 'std::vector<Types::GridBox,std::allocator<Types::GridBox>>::insert'
C:\Users\ricar\Desktop\kokkutest\AutoBattleC++\Grid.cpp(34,61): error C2512: 'Types::GridBox::GridBox': no appropriate default constructor available
  Types.cpp
  Generating Code...
